#
# A fatal error has been detected by the Java Runtime Environment:
#
#  EXCEPTION_ACCESS_VIOLATION (0xc0000005) at pc=0x0000000002b0d0d5, pid=8884, tid=0x000000000000591c
#
# JRE version: OpenJDK Runtime Environment (8.0_152-b06) (build 1.8.0_152-release-1136-b06)
# Java VM: OpenJDK 64-Bit Server VM (25.152-b06 mixed mode windows-amd64 compressed oops)
# Problematic frame:
# J 6490 C1 org.gradle.api.internal.project.taskfactory.OutputDirectoryPropertyAnnotationHandler.createPropertyBuilder(Lorg/gradle/api/internal/project/taskfactory/TaskPropertyActionContext;Lorg/gradle/api/internal/TaskInternal;Lorg/gradle/api/internal/tasks/TaskPropertyValue;)Lorg/gradle/api/tasks/TaskOutputFilePropertyBuilder; (13 bytes) @ 0x0000000002b0d0d5 [0x0000000002b0cdc0+0x315]
#
# Failed to write core dump. Minidumps are not enabled by default on client versions of Windows
#
# If you would like to submit a bug report, please visit:
#   http://bugreport.java.com/bugreport/crash.jsp
#

---------------  T H R E A D  ---------------

Current thread (0x000000005a847800):  JavaThread "Daemon worker" [_thread_in_Java, id=22812, stack(0x000000005b960000,0x000000005ba60000)]

siginfo: ExceptionCode=0xc0000005, reading address 0x00000000650c93fc

Registers:
RAX=0x00000000e6f02500, RBX=0x0000000000737812, RCX=0x0000000000000000, RDX=0x0000000015f022f0
RSP=0x000000005ba5b0f0, RBP=0x000000005ba5b790, RSI=0x0000000000737812, RDI=0x0000000000127048
R8 =0x00000000650c9320, R9 =0x00000000a0c09578, R10=0x00000000e6f02500, R11=0x00000000e6f022f8
R12=0x0000000000000000, R13=0x00000000112b0000, R14=0x000000005ba5b268, R15=0x000000005a847800
RIP=0x0000000002b0d0d5, EFLAGS=0x0000000000010206

Top of Stack: (sp=0x000000005ba5b0f0)
0x000000005ba5b0f0:   000000005ba5b790 00000000030eddec
0x000000005ba5b100:   00000000a08d8138 e6f01a3800000000
0x000000005ba5b110:   000000005ba5b790 00000000025ebd4c
0x000000005ba5b120:   0000000000000000 000000006f557783
0x000000005ba5b130:   00000000e6f01870 00000000a01a80b8
0x000000005ba5b140:   00000000eb14b628 000000006f615966
0x000000005ba5b150:   000000005ba5b790 0000000002c452c4
0x000000005ba5b160:   00000000e6f01af8 00000000e6f022f8
0x000000005ba5b170:   00000000e6f024d8 000000005ba5b1e0
0x000000005ba5b180:   000000005ba5b790 00000000027e5aa4
0x000000005ba5b190:   000000005ba5b220 0000000000000000
0x000000005ba5b1a0:   000000005ba5b790 00000000036a0e84
0x000000005ba5b1b0:   000000005ba5b790 00000000034eada4
0x000000005ba5b1c0:   00000000a08d8138 00000000eb14d620
0x000000005ba5b1d0:   00000000eb14b628 0000000046812fe0
0x000000005ba5b1e0:   000000005ba5b790 00000000028f124c 

Instructions: (pc=0x0000000002b0d0d5)
0x0000000002b0d0b5:   8b 5c 24 78 49 b8 d8 54 4d 65 00 00 00 00 49 83
0x0000000002b0d0c5:   80 48 01 00 00 01 49 b8 20 93 0c 65 00 00 00 00
0x0000000002b0d0d5:   41 8b 90 dc 00 00 00 83 c2 08 41 89 90 dc 00 00
0x0000000002b0d0e5:   00 49 b8 30 e4 25 63 00 00 00 00 81 e2 f8 ff 7f 


Register to memory mapping:

RAX=0x00000000e6f02500 is an oop
org.gradle.api.internal.tasks.TaskPropertyFileCollection 
 - klass: 'org/gradle/api/internal/tasks/TaskPropertyFileCollection'
RBX=0x0000000000737812 is an unknown value
RCX=0x0000000000000000 is an unknown value
RDX=0x0000000015f022f0 is pointing into metadata
RSP=0x000000005ba5b0f0 is pointing into the stack for thread: 0x000000005a847800
RBP=0x000000005ba5b790 is pointing into the stack for thread: 0x000000005a847800
RSI=0x0000000000737812 is an unknown value
RDI=0x0000000000127048 is an unknown value
R8 =0x00000000650c9320 is an unknown value
R9 =0x00000000a0c09578 is an oop
org.gradle.api.internal.file.BaseDirFileResolver 
 - klass: 'org/gradle/api/internal/file/BaseDirFileResolver'
R10=0x00000000e6f02500 is an oop
org.gradle.api.internal.tasks.TaskPropertyFileCollection 
 - klass: 'org/gradle/api/internal/tasks/TaskPropertyFileCollection'
R11=0x00000000e6f022f8 is an oop
org.gradle.api.internal.tasks.DefaultTaskOutputs 
 - klass: 'org/gradle/api/internal/tasks/DefaultTaskOutputs'
R12=0x0000000000000000 is an unknown value
R13=0x00000000112b0000 is an unknown value
R14=0x000000005ba5b268 is pointing into the stack for thread: 0x000000005a847800
R15=0x000000005a847800 is a thread


Stack: [0x000000005b960000,0x000000005ba60000],  sp=0x000000005ba5b0f0,  free space=1004k
Native frames: (J=compiled Java code, j=interpreted, Vv=VM code, C=native code)
C  0x0000000002b0d0d5


---------------  P R O C E S S  ---------------

Java Threads: ( => current thread )
  0x000000005fdc2800 JavaThread "Memory manager" [_thread_blocked, id=22608, stack(0x0000000063120000,0x0000000063220000)]
  0x000000005fdc1000 JavaThread "build operations Thread 8" [_thread_blocked, id=24384, stack(0x0000000062b00000,0x0000000062c00000)]
  0x000000005ec90000 JavaThread "build operations Thread 7" [_thread_blocked, id=13528, stack(0x000000005c1d0000,0x000000005c2d0000)]
  0x000000005ec8f000 JavaThread "build operations Thread 6" [_thread_blocked, id=23100, stack(0x00000000628e0000,0x00000000629e0000)]
  0x000000005ec8e800 JavaThread "build operations Thread 5" [_thread_blocked, id=22868, stack(0x0000000062290000,0x0000000062390000)]
  0x000000005ec8d800 JavaThread "build operations Thread 4" [_thread_blocked, id=17264, stack(0x00000000626f0000,0x00000000627f0000)]
  0x000000005ec8d000 JavaThread "build operations Thread 3" [_thread_blocked, id=21496, stack(0x0000000062530000,0x0000000062630000)]
  0x000000005ec8c000 JavaThread "build operations Thread 2" [_thread_blocked, id=25948, stack(0x00000000623c0000,0x00000000624c0000)]
  0x000000005ec8b800 JavaThread "build operations" [_thread_blocked, id=22424, stack(0x0000000060f60000,0x0000000061060000)]
  0x000000005ec8a000 JavaThread "Cache worker for Artifact transforms cache (C:\Users\Administrator\.gradle\caches\transforms-1)" [_thread_blocked, id=2508, stack(0x0000000060de0000,0x0000000060ee0000)]
  0x000000005a97d800 JavaThread "Cache worker for file hash cache (C:\Users\Administrator\AndroidStudioProjects\beautyshare3\android\.gradle\4.4\fileHashes)" [_thread_blocked, id=23940, stack(0x000000005bc00000,0x000000005bd00000)]
  0x000000005a943000 JavaThread "File lock request listener" [_thread_in_native, id=16240, stack(0x000000005c310000,0x000000005c410000)]
  0x000000005a9d7800 JavaThread "Cache worker for file hash cache (C:\Users\Administrator\.gradle\caches\4.4\fileHashes)" [_thread_blocked, id=4424, stack(0x000000005c0c0000,0x000000005c1c0000)]
  0x000000005a89b000 JavaThread "Stdin handler" [_thread_blocked, id=25560, stack(0x000000005bd10000,0x000000005be10000)]
  0x000000005a854000 JavaThread "Asynchronous log dispatcher for DefaultDaemonConnection: socket connection from /127.0.0.1:12726 to /127.0.0.1:12727" [_thread_blocked, id=24164, stack(0x000000005baf0000,0x000000005bbf0000)]
=>0x000000005a847800 JavaThread "Daemon worker" [_thread_in_Java, id=22812, stack(0x000000005b960000,0x000000005ba60000)]
  0x000000005a8be000 JavaThread "Cancel handler" [_thread_blocked, id=19640, stack(0x0000000058d80000,0x0000000058e80000)]
  0x000000005a7dc800 JavaThread "Handler for socket connection from /127.0.0.1:12726 to /127.0.0.1:12727" [_thread_in_native, id=19492, stack(0x000000005b500000,0x000000005b600000)]
  0x00000000578c9000 JavaThread "Daemon" [_thread_blocked, id=24632, stack(0x000000005b630000,0x000000005b730000)]
  0x000000005a7a4000 JavaThread "Daemon periodic checks" [_thread_blocked, id=1848, stack(0x000000005adc0000,0x000000005aec0000)]
  0x000000005a7a1000 JavaThread "Incoming local TCP Connector on port 12726" [_thread_in_native, id=9952, stack(0x000000005b400000,0x000000005b500000)]
  0x0000000057629800 JavaThread "Service Thread" daemon [_thread_blocked, id=19696, stack(0x0000000059160000,0x0000000059260000)]
  0x00000000575df000 JavaThread "C1 CompilerThread3" daemon [_thread_blocked, id=8848, stack(0x0000000059290000,0x0000000059390000)]
  0x00000000575c4800 JavaThread "C2 CompilerThread2" daemon [_thread_blocked, id=18500, stack(0x0000000059060000,0x0000000059160000)]
  0x00000000575bf800 JavaThread "C2 CompilerThread1" daemon [_thread_blocked, id=25408, stack(0x0000000058eb0000,0x0000000058fb0000)]
  0x00000000575b8800 JavaThread "C2 CompilerThread0" daemon [_thread_blocked, id=12228, stack(0x0000000058990000,0x0000000058a90000)]
  0x00000000575a5000 JavaThread "Attach Listener" daemon [_thread_blocked, id=17820, stack(0x0000000058c80000,0x0000000058d80000)]
  0x00000000575a4800 JavaThread "Signal Dispatcher" daemon [_thread_blocked, id=20212, stack(0x0000000058ad0000,0x0000000058bd0000)]
  0x00000000563d1000 JavaThread "Finalizer" daemon [_thread_blocked, id=9124, stack(0x00000000587e0000,0x00000000588e0000)]
  0x00000000563ca000 JavaThread "Reference Handler" daemon [_thread_blocked, id=14560, stack(0x00000000586e0000,0x00000000587e0000)]
  0x0000000002019000 JavaThread "main" [_thread_blocked, id=10252, stack(0x00000000022f0000,0x00000000023f0000)]

Other Threads:
  0x0000000057542800 VMThread [stack: 0x0000000058500000,0x0000000058600000] [id=664]
  0x000000005762b000 WatcherThread [stack: 0x00000000594d0000,0x00000000595d0000] [id=16876]

VM state:not at safepoint (normal execution)

VM Mutex/Monitor currently owned by a thread: None

Heap:
 PSYoungGen      total 169472K, used 127712K [0x00000000e0000000, 0x00000000eba80000, 0x0000000100000000)
  eden space 155648K, 73% used [0x00000000e0000000,0x00000000e6f3b830,0x00000000e9800000)
  from space 13824K, 99% used [0x00000000ea900000,0x00000000eb67cbb0,0x00000000eb680000)
  to   space 17408K, 0% used [0x00000000e9800000,0x00000000e9800000,0x00000000ea900000)
 ParOldGen       total 72192K, used 24397K [0x00000000a0000000, 0x00000000a4680000, 0x00000000e0000000)
  object space 72192K, 33% used [0x00000000a0000000,0x00000000a17d3678,0x00000000a4680000)
 Metaspace       used 53891K, capacity 56024K, committed 56152K, reserved 1097728K
  class space    used 7411K, capacity 7957K, committed 8064K, reserved 1048576K

Card table byte_map: [0x00000000117b0000,0x0000000011ac0000] byte_map_base: 0x00000000112b0000

Marking Bits: (ParMarkBitMap*) 0x000000006fbc5aa0
 Begin Bits: [0x00000000126e0000, 0x0000000013ee0000)
 End Bits:   [0x0000000013ee0000, 0x00000000156e0000)

Polling page: 0x0000000000230000

CodeCache: size=245760Kb used=21098Kb max_used=21098Kb free=224661Kb
 bounds [0x00000000023f0000, 0x00000000038a0000, 0x00000000113f0000]
 total_blobs=6943 nmethods=6189 adapters=667
 compilation: enabled

Compilation events (10 events):
Event: 21.613 Thread 0x00000000575df000 6775       3       org.gradle.api.internal.artifacts.configurations.DefaultConfiguration_Decorated::getAllArtifacts (37 bytes)
Event: 21.614 Thread 0x00000000575c4800 nmethod 6780 0x0000000002d02810 code [0x0000000002d02940, 0x0000000002d029b8]
Event: 21.614 Thread 0x00000000575df000 nmethod 6775 0x000000000388cd10 code [0x000000000388cee0, 0x000000000388d608]
Event: 21.614 Thread 0x00000000575df000 6781       3       org.gradle.api.internal.AbstractValidatingNamedDomainObjectContainer::create (15 bytes)
Event: 21.615 Thread 0x00000000575df000 nmethod 6781 0x000000000388b890 code [0x000000000388baa0, 0x000000000388c6f8]
Event: 21.615 Thread 0x00000000575df000 6782       3       org.gradle.api.internal.artifacts.configurations.DefaultConfiguration_Decorated::<init> (34 bytes)
Event: 21.615 Thread 0x00000000575df000 nmethod 6782 0x000000000388b410 code [0x000000000388b580, 0x000000000388b7a8]
Event: 21.615 Thread 0x00000000575df000 6783       3       org.gradle.api.internal.artifacts.configurations.DefaultConfiguration::<init> (576 bytes)
Event: 21.615 Thread 0x00000000575bf800 6788       4       org.gradle.api.artifacts.Configuration$Namer::determineName (9 bytes)
Event: 21.617 Thread 0x00000000575bf800 nmethod 6788 0x000000000388b110 code [0x000000000388b260, 0x000000000388b2f8]

GC Heap History (10 events):
Event: 8.316 GC heap before
{Heap before GC invocations=8 (full 1):
 PSYoungGen      total 69632K, used 67056K [0x00000000e0000000, 0x00000000e5180000, 0x0000000100000000)
  eden space 62976K, 100% used [0x00000000e0000000,0x00000000e3d80000,0x00000000e3d80000)
  from space 6656K, 61% used [0x00000000e4b00000,0x00000000e4efc280,0x00000000e5180000)
  to   space 10240K, 0% used [0x00000000e3d80000,0x00000000e3d80000,0x00000000e4780000)
 ParOldGen       total 50688K, used 8156K [0x00000000a0000000, 0x00000000a3180000, 0x00000000e0000000)
  object space 50688K, 16% used [0x00000000a0000000,0x00000000a07f7318,0x00000000a3180000)
 Metaspace       used 28160K, capacity 28564K, committed 28672K, reserved 1073152K
  class space    used 3931K, capacity 4038K, committed 4096K, reserved 1048576K
Event: 8.327 GC heap after
Heap after GC invocations=8 (full 1):
 PSYoungGen      total 73216K, used 8099K [0x00000000e0000000, 0x00000000e8800000, 0x0000000100000000)
  eden space 62976K, 0% used [0x00000000e0000000,0x00000000e0000000,0x00000000e3d80000)
  from space 10240K, 79% used [0x00000000e3d80000,0x00000000e4568cd8,0x00000000e4780000)
  to   space 10752K, 0% used [0x00000000e7d80000,0x00000000e7d80000,0x00000000e8800000)
 ParOldGen       total 50688K, used 8164K [0x00000000a0000000, 0x00000000a3180000, 0x00000000e0000000)
  object space 50688K, 16% used [0x00000000a0000000,0x00000000a07f9318,0x00000000a3180000)
 Metaspace       used 28160K, capacity 28564K, committed 28672K, reserved 1073152K
  class space    used 3931K, capacity 4038K, committed 4096K, reserved 1048576K
}
Event: 11.745 GC heap before
{Heap before GC invocations=9 (full 1):
 PSYoungGen      total 73216K, used 67512K [0x00000000e0000000, 0x00000000e8800000, 0x0000000100000000)
  eden space 62976K, 94% used [0x00000000e0000000,0x00000000e3a05520,0x00000000e3d80000)
  from space 10240K, 79% used [0x00000000e3d80000,0x00000000e4568cd8,0x00000000e4780000)
  to   space 10752K, 0% used [0x00000000e7d80000,0x00000000e7d80000,0x00000000e8800000)
 ParOldGen       total 50688K, used 8164K [0x00000000a0000000, 0x00000000a3180000, 0x00000000e0000000)
  object space 50688K, 16% used [0x00000000a0000000,0x00000000a07f9318,0x00000000a3180000)
 Metaspace       used 34753K, capacity 35386K, committed 35416K, reserved 1079296K
  class space    used 4756K, capacity 4970K, committed 4992K, reserved 1048576K
Event: 11.758 GC heap after
Heap after GC invocations=9 (full 1):
 PSYoungGen      total 125952K, used 10747K [0x00000000e0000000, 0x00000000e8880000, 0x0000000100000000)
  eden space 115200K, 0% used [0x00000000e0000000,0x00000000e0000000,0x00000000e7080000)
  from space 10752K, 99% used [0x00000000e7d80000,0x00000000e87fedd8,0x00000000e8800000)
  to   space 12288K, 0% used [0x00000000e7080000,0x00000000e7080000,0x00000000e7c80000)
 ParOldGen       total 50688K, used 8968K [0x00000000a0000000, 0x00000000a3180000, 0x00000000e0000000)
  object space 50688K, 17% used [0x00000000a0000000,0x00000000a08c2048,0x00000000a3180000)
 Metaspace       used 34753K, capacity 35386K, committed 35416K, reserved 1079296K
  class space    used 4756K, capacity 4970K, committed 4992K, reserved 1048576K
}
Event: 11.758 GC heap before
{Heap before GC invocations=10 (full 2):
 PSYoungGen      total 125952K, used 10747K [0x00000000e0000000, 0x00000000e8880000, 0x0000000100000000)
  eden space 115200K, 0% used [0x00000000e0000000,0x00000000e0000000,0x00000000e7080000)
  from space 10752K, 99% used [0x00000000e7d80000,0x00000000e87fedd8,0x00000000e8800000)
  to   space 12288K, 0% used [0x00000000e7080000,0x00000000e7080000,0x00000000e7c80000)
 ParOldGen       total 50688K, used 8968K [0x00000000a0000000, 0x00000000a3180000, 0x00000000e0000000)
  object space 50688K, 17% used [0x00000000a0000000,0x00000000a08c2048,0x00000000a3180000)
 Metaspace       used 34753K, capacity 35386K, committed 35416K, reserved 1079296K
  class space    used 4756K, capacity 4970K, committed 4992K, reserved 1048576K
Event: 11.889 GC heap after
Heap after GC invocations=10 (full 2):
 PSYoungGen      total 125952K, used 0K [0x00000000e0000000, 0x00000000e8880000, 0x0000000100000000)
  eden space 115200K, 0% used [0x00000000e0000000,0x00000000e0000000,0x00000000e7080000)
  from space 10752K, 0% used [0x00000000e7d80000,0x00000000e7d80000,0x00000000e8800000)
  to   space 12288K, 0% used [0x00000000e7080000,0x00000000e7080000,0x00000000e7c80000)
 ParOldGen       total 72192K, used 18339K [0x00000000a0000000, 0x00000000a4680000, 0x00000000e0000000)
  object space 72192K, 25% used [0x00000000a0000000,0x00000000a11e8c78,0x00000000a4680000)
 Metaspace       used 34753K, capacity 35386K, committed 35416K, reserved 1079296K
  class space    used 4756K, capacity 4970K, committed 4992K, reserved 1048576K
}
Event: 15.746 GC heap before
{Heap before GC invocations=11 (full 2):
 PSYoungGen      total 125952K, used 115200K [0x00000000e0000000, 0x00000000e8880000, 0x0000000100000000)
  eden space 115200K, 100% used [0x00000000e0000000,0x00000000e7080000,0x00000000e7080000)
  from space 10752K, 0% used [0x00000000e7d80000,0x00000000e7d80000,0x00000000e8800000)
  to   space 12288K, 0% used [0x00000000e7080000,0x00000000e7080000,0x00000000e7c80000)
 ParOldGen       total 72192K, used 18339K [0x00000000a0000000, 0x00000000a4680000, 0x00000000e0000000)
  object space 72192K, 25% used [0x00000000a0000000,0x00000000a11e8c78,0x00000000a4680000)
 Metaspace       used 40464K, capacity 41358K, committed 41432K, reserved 1085440K
  class space    used 5536K, capacity 5823K, committed 5888K, reserved 1048576K
Event: 15.759 GC heap after
Heap after GC invocations=11 (full 2):
 PSYoungGen      total 127488K, used 12030K [0x00000000e0000000, 0x00000000eb680000, 0x0000000100000000)
  eden space 115200K, 0% used [0x00000000e0000000,0x00000000e0000000,0x00000000e7080000)
  from space 12288K, 97% used [0x00000000e7080000,0x00000000e7c3f850,0x00000000e7c80000)
  to   space 13824K, 0% used [0x00000000ea900000,0x00000000ea900000,0x00000000eb680000)
 ParOldGen       total 72192K, used 18347K [0x00000000a0000000, 0x00000000a4680000, 0x00000000e0000000)
  object space 72192K, 25% used [0x00000000a0000000,0x00000000a11eac78,0x00000000a4680000)
 Metaspace       used 40464K, capacity 41358K, committed 41432K, reserved 1085440K
  class space    used 5536K, capacity 5823K, committed 5888K, reserved 1048576K
}
Event: 18.247 GC heap before
{Heap before GC invocations=12 (full 2):
 PSYoungGen      total 127488K, used 127230K [0x00000000e0000000, 0x00000000eb680000, 0x0000000100000000)
  eden space 115200K, 100% used [0x00000000e0000000,0x00000000e7080000,0x00000000e7080000)
  from space 12288K, 97% used [0x00000000e7080000,0x00000000e7c3f850,0x00000000e7c80000)
  to   space 13824K, 0% used [0x00000000ea900000,0x00000000ea900000,0x00000000eb680000)
 ParOldGen       total 72192K, used 18347K [0x00000000a0000000, 0x00000000a4680000, 0x00000000e0000000)
  object space 72192K, 25% used [0x00000000a0000000,0x00000000a11eac78,0x00000000a4680000)
 Metaspace       used 48703K, capacity 49924K, committed 50136K, reserved 1091584K
  class space    used 6620K, capacity 7051K, committed 7168K, reserved 1048576K
Event: 18.272 GC heap after
Heap after GC invocations=12 (full 2):
 PSYoungGen      total 169472K, used 13810K [0x00000000e0000000, 0x00000000eba80000, 0x0000000100000000)
  eden space 155648K, 0% used [0x00000000e0000000,0x00000000e0000000,0x00000000e9800000)
  from space 13824K, 99% used [0x00000000ea900000,0x00000000eb67cbb0,0x00000000eb680000)
  to   space 17408K, 0% used [0x00000000e9800000,0x00000000e9800000,0x00000000ea900000)
 ParOldGen       total 72192K, used 24397K [0x00000000a0000000, 0x00000000a4680000, 0x00000000e0000000)
  object space 72192K, 33% used [0x00000000a0000000,0x00000000a17d3678,0x00000000a4680000)
 Metaspace       used 48703K, capacity 49924K, committed 50136K, reserved 1091584K
  class space    used 6620K, capacity 7051K, committed 7168K, reserved 1048576K
}

Deoptimization events (10 events):
Event: 19.002 Thread 0x000000005a847800 Uncommon trap: reason=unstable_if action=reinterpret pc=0x0000000002bfe9e8 method=org.objectweb.asm.Type.getArgumentsAndReturnSizes(Ljava/lang/String;)I @ 47
Event: 19.002 Thread 0x000000005a847800 Uncommon trap: reason=unstable_if action=reinterpret pc=0x0000000002f26b5c method=org.objectweb.asm.Type.getArgumentsAndReturnSizes(Ljava/lang/String;)I @ 47
Event: 19.052 Thread 0x000000005a847800 Uncommon trap: reason=unstable_if action=reinterpret pc=0x0000000003037230 method=java.util.TreeMap.put(Ljava/lang/Object;Ljava/lang/Object;)Ljava/lang/Object; @ 163
Event: 19.100 Thread 0x000000005a847800 Uncommon trap: reason=class_check action=maybe_recompile pc=0x0000000003427608 method=java.util.regex.Matcher.search(I)Z @ 86
Event: 19.100 Thread 0x000000005a847800 Uncommon trap: reason=class_check action=maybe_recompile pc=0x00000000033a0fb8 method=java.util.regex.Matcher.search(I)Z @ 86
Event: 19.147 Thread 0x000000005a847800 Uncommon trap: reason=class_check action=maybe_recompile pc=0x0000000003427608 method=java.util.regex.Matcher.search(I)Z @ 86
Event: 19.147 Thread 0x000000005a847800 Uncommon trap: reason=class_check action=maybe_recompile pc=0x0000000003332cc0 method=java.util.regex.Matcher.search(I)Z @ 86
Event: 19.419 Thread 0x000000005a847800 Uncommon trap: reason=unstable_if action=reinterpret pc=0x0000000003729640 method=java.lang.reflect.AccessibleObject.setAccessible0(Ljava/lang/reflect/AccessibleObject;Z)V @ 23
Event: 20.082 Thread 0x000000005a847800 Uncommon trap: reason=unstable_if action=reinterpret pc=0x0000000002ce25b4 method=com.esotericsoftware.kryo.io.Input.readUtf8(I)V @ 79
Event: 21.532 Thread 0x000000005a847800 Uncommon trap: reason=unstable_if action=reinterpret pc=0x0000000002c666e8 method=com.esotericsoftware.kryo.io.Input.readString()Ljava/lang/String; @ 38

Classes redefined (0 events):
No events

Internal exceptions (10 events):
Event: 21.202 Thread 0x000000005a847800 Exception <a 'java/lang/ClassNotFoundException': com/android/build/gradle/LibraryExtension_DecoratedCustomizer> (0x00000000e5efa4d8) thrown at [D:\src\AOSP-openjdk-cygwin\jdk8u\hotspot\src\share\vm\classfile\systemDictionary.cpp, line 210]
Event: 21.463 Thread 0x000000005a847800 Exception <a 'java/lang/ClassNotFoundException': com/android/build/gradle/internal/api/LibraryVariantOutputImpl_DecoratedBeanInfo> (0x00000000e6ad6728) thrown at [D:\src\AOSP-openjdk-cygwin\jdk8u\hotspot\src\share\vm\classfile\systemDictionary.cpp, line 2
Event: 21.463 Thread 0x000000005a847800 Exception <a 'java/lang/ClassNotFoundException': com/android/build/gradle/internal/api/LibraryVariantOutputImplBeanInfo> (0x00000000e6aeeb98) thrown at [D:\src\AOSP-openjdk-cygwin\jdk8u\hotspot\src\share\vm\classfile\systemDictionary.cpp, line 210]
Event: 21.463 Thread 0x000000005a847800 Exception <a 'java/lang/ClassNotFoundException': com/android/build/gradle/internal/api/LibraryVariantOutputImplCustomizer> (0x00000000e6b078e0) thrown at [D:\src\AOSP-openjdk-cygwin\jdk8u\hotspot\src\share\vm\classfile\systemDictionary.cpp, line 210]
Event: 21.464 Thread 0x000000005a847800 Exception <a 'java/lang/ClassNotFoundException': com/android/build/gradle/internal/api/LibraryVariantOutputImpl_DecoratedCustomizer> (0x00000000e6b2b868) thrown at [D:\src\AOSP-openjdk-cygwin\jdk8u\hotspot\src\share\vm\classfile\systemDictionary.cpp, line
Event: 21.493 Thread 0x000000005a847800 Exception <a 'java/lang/ClassNotFoundException': build_bd9og5q7gnilw64dnzfommiboBeanInfo> (0x00000000e6bd9c18) thrown at [D:\src\AOSP-openjdk-cygwin\jdk8u\hotspot\src\share\vm\classfile\systemDictionary.cpp, line 210]
Event: 21.494 Thread 0x000000005a847800 Exception <a 'java/lang/ClassNotFoundException': build_bd9og5q7gnilw64dnzfommiboCustomizer> (0x00000000e6be3c20) thrown at [D:\src\AOSP-openjdk-cygwin\jdk8u\hotspot\src\share\vm\classfile\systemDictionary.cpp, line 210]
Event: 21.575 Thread 0x000000005a847800 Exception <a 'java/lang/ClassNotFoundException': build_bd9og5q7gnilw64dnzfommiboBeanInfo> (0x00000000e6dbd630) thrown at [D:\src\AOSP-openjdk-cygwin\jdk8u\hotspot\src\share\vm\classfile\systemDictionary.cpp, line 210]
Event: 21.575 Thread 0x000000005a847800 Exception <a 'java/lang/ClassNotFoundException': build_bd9og5q7gnilw64dnzfommiboCustomizer> (0x00000000e6dc7960) thrown at [D:\src\AOSP-openjdk-cygwin\jdk8u\hotspot\src\share\vm\classfile\systemDictionary.cpp, line 210]
Event: 21.593 Thread 0x000000005a847800 Exception <a 'sun/nio/fs/WindowsException'> (0x00000000e6e204f8) thrown at [D:\src\AOSP-openjdk-cygwin\jdk8u\hotspot\src\share\vm\prims\jni.cpp, line 709]

Events (10 events):
Event: 21.575 loading class build_bd9og5q7gnilw64dnzfommiboBeanInfo
Event: 21.575 loading class build_bd9og5q7gnilw64dnzfommiboBeanInfo done
Event: 21.575 loading class build_bd9og5q7gnilw64dnzfommiboCustomizer
Event: 21.575 loading class build_bd9og5q7gnilw64dnzfommiboCustomizer done
Event: 21.575 loading class build_bd9og5q7gnilw64dnzfommiboCustomizer
Event: 21.575 loading class build_bd9og5q7gnilw64dnzfommiboCustomizer done
Event: 21.581 loading class groovy/runtime/metaclass/build_bd9og5q7gnilw64dnzfommibo$_run_closure1MetaClass
Event: 21.581 loading class groovy/runtime/metaclass/build_bd9og5q7gnilw64dnzfommibo$_run_closure1MetaClass done
Event: 21.588 loading class groovy/runtime/metaclass/build_bd9og5q7gnilw64dnzfommibo$_run_closure1$_closure3MetaClass
Event: 21.588 loading class groovy/runtime/metaclass/build_bd9og5q7gnilw64dnzfommibo$_run_closure1$_closure3MetaClass done


Dynamic libraries:
0x000000013faf0000 - 0x000000013fb21000 	C:\Program Files\Android\Android Studio\jre\bin\java.exe
0x0000000077cc0000 - 0x0000000077e5f000 	C:\Windows\SYSTEM32\ntdll.dll
0x0000000077ba0000 - 0x0000000077cbf000 	C:\Windows\system32\kernel32.dll
0x000007fefdae0000 - 0x000007fefdb4a000 	C:\Windows\system32\KERNELBASE.dll
0x000007feffc50000 - 0x000007feffd2b000 	C:\Windows\system32\ADVAPI32.dll
0x000007fefdbd0000 - 0x000007fefdc6f000 	C:\Windows\system32\msvcrt.dll
0x000007fefe190000 - 0x000007fefe1af000 	C:\Windows\SYSTEM32\sechost.dll
0x000007fefe220000 - 0x000007fefe34d000 	C:\Windows\system32\RPCRT4.dll
0x0000000077aa0000 - 0x0000000077b9a000 	C:\Windows\system32\USER32.dll
0x000007fefe1b0000 - 0x000007fefe217000 	C:\Windows\system32\GDI32.dll
0x000007fefe180000 - 0x000007fefe18e000 	C:\Windows\system32\LPK.dll
0x000007fefe3f0000 - 0x000007fefe4bb000 	C:\Windows\system32\USP10.dll
0x000007fefbf80000 - 0x000007fefc174000 	C:\Windows\WinSxS\amd64_microsoft.windows.common-controls_6595b64144ccf1df_6.0.7601.18837_none_fa3b1e3d17594757\COMCTL32.dll
0x000007feffd30000 - 0x000007feffda1000 	C:\Windows\system32\SHLWAPI.dll
0x000007feff680000 - 0x000007feff6ae000 	C:\Windows\system32\IMM32.DLL
0x000007feff6b0000 - 0x000007feff7b9000 	C:\Windows\system32\MSCTF.dll
0x000007fefd750000 - 0x000007fefd780000 	C:\Windows\system32\nvinitx.dll
0x000007fefd740000 - 0x000007fefd74c000 	C:\Windows\system32\VERSION.dll
0x0000000074340000 - 0x0000000074346000 	C:\Program Files\NVIDIA Corporation\CoProcManager\detoured.dll
0x000007fef82f0000 - 0x000007fef8328000 	C:\Program Files\NVIDIA Corporation\CoProcManager\nvd3d9wrapx.dll
0x000007feff2f0000 - 0x000007feff4c7000 	C:\Windows\system32\SETUPAPI.dll
0x000007fefd9b0000 - 0x000007fefd9e6000 	C:\Windows\system32\CFGMGR32.dll
0x000007feff810000 - 0x000007feff8ea000 	C:\Windows\system32\OLEAUT32.dll
0x000007feffdb0000 - 0x000007fefffaf000 	C:\Windows\system32\ole32.dll
0x000007fefdb80000 - 0x000007fefdb9a000 	C:\Windows\system32\DEVOBJ.dll
0x000007fef82c0000 - 0x000007fef82e4000 	C:\Program Files\NVIDIA Corporation\CoProcManager\nvdxgiwrapx.dll
0x000000006fc90000 - 0x000000006fd62000 	C:\Program Files\Android\Android Studio\jre\jre\bin\msvcr100.dll
0x000000006f400000 - 0x000000006fc41000 	C:\Program Files\Android\Android Studio\jre\jre\bin\server\jvm.dll
0x000007fef8370000 - 0x000007fef8379000 	C:\Windows\system32\WSOCK32.dll
0x000007feff7c0000 - 0x000007feff80d000 	C:\Windows\system32\WS2_32.dll
0x000007feff8f0000 - 0x000007feff8f8000 	C:\Windows\system32\NSI.dll
0x000007fef9450000 - 0x000007fef948b000 	C:\Windows\system32\WINMM.dll
0x0000000077e70000 - 0x0000000077e77000 	C:\Windows\system32\PSAPI.DLL
0x000007fefac20000 - 0x000007fefac2f000 	C:\Program Files\Android\Android Studio\jre\jre\bin\verify.dll
0x000007fefab00000 - 0x000007fefab29000 	C:\Program Files\Android\Android Studio\jre\jre\bin\java.dll
0x000007fefaa00000 - 0x000007fefaa16000 	C:\Program Files\Android\Android Studio\jre\jre\bin\zip.dll
0x000007fefe560000 - 0x000007feff2ea000 	C:\Windows\system32\SHELL32.dll
0x000007fefd820000 - 0x000007fefd82f000 	C:\Windows\system32\profapi.dll
0x000007fefa990000 - 0x000007fefa9aa000 	C:\Program Files\Android\Android Studio\jre\jre\bin\net.dll
0x000007fefcfa0000 - 0x000007fefcff5000 	C:\Windows\system32\mswsock.dll
0x000007fefcf90000 - 0x000007fefcf97000 	C:\Windows\System32\wship6.dll
0x000007fefa970000 - 0x000007fefa981000 	C:\Program Files\Android\Android Studio\jre\jre\bin\nio.dll
0x000007fefaa90000 - 0x000007fefaaae000 	C:\Users\Administrator\.gradle\native\25\windows-amd64\native-platform.dll
0x000007fefab80000 - 0x000007fefab8d000 	C:\Program Files\Android\Android Studio\jre\jre\bin\management.dll
0x000007fefd000000 - 0x000007fefd018000 	C:\Windows\system32\CRYPTSP.dll
0x000007fefcd00000 - 0x000007fefcd47000 	C:\Windows\system32\rsaenh.dll
0x000007fefdbb0000 - 0x000007fefdbce000 	C:\Windows\system32\USERENV.dll
0x000007fefd670000 - 0x000007fefd67f000 	C:\Windows\system32\CRYPTBASE.dll
0x000007fefa660000 - 0x000007fefa687000 	C:\Windows\system32\IPHLPAPI.DLL
0x000007fefa650000 - 0x000007fefa65b000 	C:\Windows\system32\WINNSI.DLL
0x000007fefa450000 - 0x000007fefa461000 	C:\Windows\system32\dhcpcsvc6.DLL
0x000007fefa430000 - 0x000007fefa448000 	C:\Windows\system32\dhcpcsvc.DLL
0x000007fefae80000 - 0x000007fefafa5000 	C:\Windows\system32\dbghelp.dll

VM Arguments:
jvm_args: -Xmx1536M -Dfile.encoding=x-windows-949 -Duser.country=KR -Duser.language=ko -Duser.variant 
java_command: org.gradle.launcher.daemon.bootstrap.GradleDaemon 4.4
java_class_path (initial): C:\Users\Administrator\.gradle\wrapper\dists\gradle-4.4-all\9br9xq1tocpiv8o6njlyu5op1\gradle-4.4\lib\gradle-launcher-4.4.jar
Launcher Type: SUN_STANDARD

Environment Variables:
JAVA_HOME=C:\Program Files\Android\Android Studio\jre
CLASSPATH=C:\Users\Administrator\AndroidStudioProjects\beautyshare3\android\\gradle\wrapper\gradle-wrapper.jar
PATH=C:\Program Files (x86)\Common Files\Oracle\Java\javapath;C:\Program Files (x86)\Wizvera\Delfino;C:\Program Files (x86)\Intel\iCLS Client\;C:\Program Files\Intel\iCLS Client\;C:\Windows\system32;C:\Windows;C:\Windows\System32\Wbem;C:\Windows\System32\WindowsPowerShell\v1.0\;C:\Program Files (x86)\Intel\OpenCL SDK\2.0\bin\x86;C:\Program Files (x86)\Intel\OpenCL SDK\2.0\bin\x64;C:\Program Files\Intel\Intel(R) Management Engine Components\DAL;C:\Program Files\Intel\Intel(R) Management Engine Components\IPT;C:\Program Files (x86)\Intel\Intel(R) Management Engine Components\DAL;C:\Program Files (x86)\Intel\Intel(R) Management Engine Components\IPT;C:\Program Files\Intel\WiFi\bin\;C:\Program Files\Common Files\Intel\WirelessCommon\;C:\Program Files (x86)\NVIDIA Corporation\PhysX\Common;c:\src\flutter\bin;C:\Program Files\Git\cmd;C:\Program Files\Intel\WiFi\bin\;C:\Program Files\Common Files\Intel\WirelessCommon\;C:\Users\Administrator\AppData\Local\GitHubDesktop\bin;C:\src\flutter\bin\mingit\cmd
USERNAME=Administrator
OS=Windows_NT
PROCESSOR_IDENTIFIER=Intel64 Family 6 Model 58 Stepping 9, GenuineIntel



---------------  S Y S T E M  ---------------

OS: Windows 7 , 64 bit Build 7601 (6.1.7601.24308)

CPU:total 8 (initial active 8) (4 cores per cpu, 2 threads per core) family 6 model 58 stepping 9, cmov, cx8, fxsr, mmx, sse, sse2, sse3, ssse3, sse4.1, sse4.2, popcnt, avx, aes, clmul, erms, ht, tsc, tscinvbit, tscinv

Memory: 4k page, physical 8283084k(1662500k free), swap 18936768k(5906428k free)

vm_info: OpenJDK 64-Bit Server VM (25.152-b06) for windows-amd64 JRE (1.8.0_152-release-1136-b06), built by "builder" with MS VC++ 10.0 (VS2010)

time: Sun Dec 16 19:32:20 2018
elapsed time: 21 seconds (0d 0h 0m 21s)

